2025-05-28 15:28:15 INFO  Utils:112 - [TestNG] Running:
  C:\Users\DELL\eclipse-workspace\BookStore_Web_API_TestingFramework\master.xml

2025-05-28 15:28:33 INFO  TC001_AccountRegistrationTest:15 - ***** TC001 Started *****
2025-05-28 15:28:40 ERROR TC001_AccountRegistrationTest:41 - error
2025-05-28 15:28:51 INFO  TC002_LoginTest:15 - ***** TC002 Started *****
2025-05-28 15:28:53 INFO  TC002_LoginTest:38 - ****** Finished TC_002_LoginTest *****
2025-05-28 15:29:00 INFO  TC003_LoginTestDDT:16 - ***** TC002 Started *****
2025-05-28 15:29:17 INFO  TC003_LoginTestDDT:80 - ****** Finished TC_002_LoginTest *****
2025-05-28 15:29:17 INFO  TC003_LoginTestDDT:16 - ***** TC002 Started *****
2025-05-28 15:29:32 INFO  TC003_LoginTestDDT:80 - ****** Finished TC_002_LoginTest *****
2025-05-28 15:29:32 INFO  TC003_LoginTestDDT:16 - ***** TC002 Started *****
2025-05-28 15:29:48 INFO  TC003_LoginTestDDT:80 - ****** Finished TC_002_LoginTest *****
2025-05-28 15:29:48 INFO  TC003_LoginTestDDT:16 - ***** TC002 Started *****
2025-05-28 15:30:04 INFO  TC003_LoginTestDDT:80 - ****** Finished TC_002_LoginTest *****
2025-05-28 15:30:04 INFO  TC003_LoginTestDDT:16 - ***** TC002 Started *****
2025-05-28 15:30:20 INFO  TC003_LoginTestDDT:80 - ****** Finished TC_002_LoginTest *****
2025-05-28 15:30:20 INFO  TC003_LoginTestDDT:16 - ***** TC002 Started *****
2025-05-28 15:30:35 INFO  TC003_LoginTestDDT:80 - ****** Finished TC_002_LoginTest *****
2025-05-28 15:32:11 INFO  Utils:112 - [TestNG] Running:
  C:\Users\DELL\eclipse-workspace\BookStore_Web_API_TestingFramework\master.xml

2025-05-28 15:32:21 INFO  TC001_AccountRegistrationTest:15 - ***** TC001 Started *****
2025-05-28 15:32:34 INFO  TC001_AccountRegistrationTest:37 - ***** Successfull ******
2025-05-28 15:54:51 INFO  Utils:112 - [TestNG] Running:
  C:\Users\DELL\eclipse-workspace\BookStore_Web_API_TestingFramework\master.xml

2025-05-28 15:56:34 INFO  Utils:112 - [TestNG] Running:
  C:\Users\DELL\eclipse-workspace\BookStore_Web_API_TestingFramework\master.xml

2025-05-28 16:47:35 INFO  TC002_LoginTest:15 - ***** TC002 Started *****
2025-05-28 16:47:38 INFO  TC002_LoginTest:38 - ****** Finished TC_002_LoginTest *****
2025-05-28 16:57:16 INFO  TC002_LoginTest:15 - ***** TC002 Started *****
2025-05-28 16:57:19 INFO  TC002_LoginTest:38 - ****** Finished TC_002_LoginTest *****
